<?xml version="1.0" encoding="UTF-8"?>
<!-- Generated by org.testng.reporters.JUnitReportReporter -->
<testsuite hostname="harish-XPS-13-9300" failures="0" tests="3" name="Test" time="1.550" errors="0" timestamp="2022-03-29T21:36:07 IST" skipped="0">
  <testcase classname="Test" name="searchResult" time="0.145"/>
  <system-out/>
  <testcase classname="Test" name="openapplication" time="1.384"/>
  <system-out/>
  <testcase classname="Test" name="verifyTitlet" time="0.021"/>
  <system-out/>
</testsuite> <!-- Test -->
